Mupdf2/mupdf-lib/build/intermediates/manifest_merge_blame_file/debug/manifest-merger-blame-debug-report.txt
1<?xml version="1.0" encoding="utf-8"?>
2<manifest xmlns:android="http://schemas.android.com/apk/res/android"
3    package="com.artifex.mupdf.mini" >
4
5    <uses-sdk
6        android:minSdkVersion="23"
6-->src\main\AndroidManifest.xml
7        android:targetSdkVersion="25" />
7-->src\main\AndroidManifest.xml
8
9    <uses-permission android:name="android.permission.READ_EXTERNAL_STORAGE" />
9-->src\main\AndroidManifest.xml:5:5-80
9-->src\main\AndroidManifest.xml:5:22-77
10    <uses-permission android:name="android.permission.INTERNET" />
10-->src\main\AndroidManifest.xml:6:5-67
10-->src\main\AndroidManifest.xml:6:22-64
11    <uses-permission android:name="android.permission.WRITE_EXTERNAL_STORAGE" />
11-->src\main\AndroidManifest.xml:7:5-80
11-->src\main\AndroidManifest.xml:7:22-78
12
13    <application>
13-->src\main\AndroidManifest.xml:9:5-44:19
14        <activity
14-->src\main\AndroidManifest.xml:10:9-40:20
15            android:name="com.artifex.mupdf.mini.DocumentActivity"
15-->src\main\AndroidManifest.xml:11:13-45
16            android:configChanges="orientation|screenSize|keyboardHidden"
16-->src\main\AndroidManifest.xml:12:13-74
17            android:label="MuPDF mini" >
17-->src\main\AndroidManifest.xml:13:13-39
18            <intent-filter>
18-->src\main\AndroidManifest.xml:14:13-26:29
19                <action android:name="android.intent.action.MAIN" /> <!-- this was VIEW -->
19-->src\main\AndroidManifest.xml:15:17-69
19-->src\main\AndroidManifest.xml:15:25-66
20
21                <category android:name="android.intent.category.DEFAULT" />
21-->src\main\AndroidManifest.xml:17:17-76
21-->src\main\AndroidManifest.xml:17:27-73
22                <category android:name="android.intent.category.BROWSABLE" />
22-->src\main\AndroidManifest.xml:18:17-78
22-->src\main\AndroidManifest.xml:18:27-75
23
24                <data android:mimeType="application/pdf" />
24-->src\main\AndroidManifest.xml:20:17-60
24-->src\main\AndroidManifest.xml:20:23-57
25                <data android:mimeType="application/vnd.ms-xpsdocument" />
25-->src\main\AndroidManifest.xml:20:17-60
25-->src\main\AndroidManifest.xml:20:23-57
26                <data android:mimeType="application/oxps" />
26-->src\main\AndroidManifest.xml:20:17-60
26-->src\main\AndroidManifest.xml:20:23-57
27                <data android:mimeType="application/x-cbz" />
27-->src\main\AndroidManifest.xml:20:17-60
27-->src\main\AndroidManifest.xml:20:23-57
28                <data android:mimeType="application/epub+zip" />
28-->src\main\AndroidManifest.xml:20:17-60
28-->src\main\AndroidManifest.xml:20:23-57
29                <data android:mimeType="text/xml" />
29-->src\main\AndroidManifest.xml:20:17-60
29-->src\main\AndroidManifest.xml:20:23-57
30            </intent-filter>
31            <intent-filter>
31-->src\main\AndroidManifest.xml:27:13-39:29
32                <action android:name="android.intent.action.VIEW" />
32-->src\main\AndroidManifest.xml:28:17-69
32-->src\main\AndroidManifest.xml:28:25-66
33
34                <category android:name="android.intent.category.DEFAULT" />
34-->src\main\AndroidManifest.xml:17:17-76
34-->src\main\AndroidManifest.xml:17:27-73
35                <category android:name="android.intent.category.BROWSABLE" />
35-->src\main\AndroidManifest.xml:18:17-78
35-->src\main\AndroidManifest.xml:18:27-75
36
37                <data android:pathPattern=".*\\.pdf" />
37-->src\main\AndroidManifest.xml:20:17-60
37-->src\main\AndroidManifest.xml:33:23-53
38                <data android:pathPattern=".*\\.xps" />
38-->src\main\AndroidManifest.xml:20:17-60
38-->src\main\AndroidManifest.xml:33:23-53
39                <data android:pathPattern=".*\\.oxps" />
39-->src\main\AndroidManifest.xml:20:17-60
39-->src\main\AndroidManifest.xml:33:23-53
40                <data android:pathPattern=".*\\.cbz" />
40-->src\main\AndroidManifest.xml:20:17-60
40-->src\main\AndroidManifest.xml:33:23-53
41                <data android:pathPattern=".*\\.epub" />
41-->src\main\AndroidManifest.xml:20:17-60
41-->src\main\AndroidManifest.xml:33:23-53
42                <data android:pathPattern=".*\\.fb2" />
42-->src\main\AndroidManifest.xml:20:17-60
42-->src\main\AndroidManifest.xml:33:23-53
43            </intent-filter>
44        </activity>
45        <activity
45-->src\main\AndroidManifest.xml:41:9-43:86
46            android:name="com.artifex.mupdf.mini.OutlineActivity"
46-->src\main\AndroidManifest.xml:42:13-44
47            android:configChanges="orientation|screenSize|keyboardHidden" />
47-->src\main\AndroidManifest.xml:43:13-74
48    </application>
49
50</manifest>